<?xml version="1.0" encoding="UTF-8"?>
<testsuite name="com.ljw.eatgo.EatgoCustomerApiApplicationTests" tests="1" skipped="0" failures="0" errors="0" timestamp="2020-08-10T11:11:16" hostname="ijin-uui-MacBookPro.local" time="0.006">
  <properties/>
  <testcase name="contextLoads()" classname="com.ljw.eatgo.EatgoCustomerApiApplicationTests" time="0.006"/>
  <system-out><![CDATA[2020-08-10 20:11:15.035  INFO 18702 --- [    Test worker] .b.t.c.SpringBootTestContextBootstrapper : Neither @ContextConfiguration nor @ContextHierarchy found for test class [com.ljw.eatgo.EatgoCustomerApiApplicationTests], using SpringBootContextLoader
2020-08-10 20:11:15.036  INFO 18702 --- [    Test worker] o.s.t.c.support.AbstractContextLoader    : Could not detect default resource locations for test class [com.ljw.eatgo.EatgoCustomerApiApplicationTests]: no resource found for suffixes {-context.xml, Context.groovy}.
2020-08-10 20:11:15.036  INFO 18702 --- [    Test worker] t.c.s.AnnotationConfigContextLoaderUtils : Could not detect default configuration classes for test class [com.ljw.eatgo.EatgoCustomerApiApplicationTests]: EatgoCustomerApiApplicationTests does not declare any static, non-private, non-final, nested classes annotated with @Configuration.
2020-08-10 20:11:15.040  INFO 18702 --- [    Test worker] .b.t.c.SpringBootTestContextBootstrapper : Found @SpringBootConfiguration com.ljw.eatgo.EatgoCustomerApiApplication for test class com.ljw.eatgo.EatgoCustomerApiApplicationTests
2020-08-10 20:11:15.042  INFO 18702 --- [    Test worker] .b.t.c.SpringBootTestContextBootstrapper : Loaded default TestExecutionListener class names from location [META-INF/spring.factories]: [org.springframework.boot.test.autoconfigure.restdocs.RestDocsTestExecutionListener, org.springframework.boot.test.autoconfigure.web.client.MockRestServiceServerResetTestExecutionListener, org.springframework.boot.test.autoconfigure.web.servlet.MockMvcPrintOnlyOnFailureTestExecutionListener, org.springframework.boot.test.autoconfigure.web.servlet.WebDriverTestExecutionListener, org.springframework.boot.test.autoconfigure.webservices.client.MockWebServiceServerTestExecutionListener, org.springframework.boot.test.mock.mockito.MockitoTestExecutionListener, org.springframework.boot.test.mock.mockito.ResetMocksTestExecutionListener, org.springframework.test.context.web.ServletTestExecutionListener, org.springframework.test.context.support.DirtiesContextBeforeModesTestExecutionListener, org.springframework.test.context.support.DependencyInjectionTestExecutionListener, org.springframework.test.context.support.DirtiesContextTestExecutionListener, org.springframework.test.context.transaction.TransactionalTestExecutionListener, org.springframework.test.context.jdbc.SqlScriptsTestExecutionListener, org.springframework.test.context.event.EventPublishingTestExecutionListener]
2020-08-10 20:11:15.043  INFO 18702 --- [    Test worker] .b.t.c.SpringBootTestContextBootstrapper : Using TestExecutionListeners: [org.springframework.test.context.web.ServletTestExecutionListener@704a342, org.springframework.test.context.support.DirtiesContextBeforeModesTestExecutionListener@244d1939, org.springframework.boot.test.mock.mockito.MockitoTestExecutionListener@547bbe66, org.springframework.boot.test.autoconfigure.SpringBootDependencyInjectionTestExecutionListener@2989511d, org.springframework.test.context.support.DirtiesContextTestExecutionListener@bb5e9dd, org.springframework.test.context.transaction.TransactionalTestExecutionListener@477dad43, org.springframework.test.context.jdbc.SqlScriptsTestExecutionListener@4efcb344, org.springframework.test.context.event.EventPublishingTestExecutionListener@2d1e123f, org.springframework.boot.test.autoconfigure.restdocs.RestDocsTestExecutionListener@9c1ed40, org.springframework.boot.test.autoconfigure.web.client.MockRestServiceServerResetTestExecutionListener@23fc4e8e, org.springframework.boot.test.autoconfigure.web.servlet.MockMvcPrintOnlyOnFailureTestExecutionListener@8b1bf26, org.springframework.boot.test.autoconfigure.web.servlet.WebDriverTestExecutionListener@55e3dbe5, org.springframework.boot.test.autoconfigure.webservices.client.MockWebServiceServerTestExecutionListener@534e87f4, org.springframework.boot.test.mock.mockito.ResetMocksTestExecutionListener@12072b2d]

  .   ____          _            __ _ _
 /\\ / ___'_ __ _ _(_)_ __  __ _ \ \ \ \
( ( )\___ | '_ | '_| | '_ \/ _` | \ \ \ \
 \\/  ___)| |_)| | | | | || (_| |  ) ) ) )
  '  |____| .__|_| |_|_| |_\__, | / / / /
 =========|_|==============|___/=/_/_/_/
 :: Spring Boot ::        (v2.3.1.RELEASE)

2020-08-10 20:11:15.061  INFO 18702 --- [    Test worker] c.l.e.EatgoCustomerApiApplicationTests   : Starting EatgoCustomerApiApplicationTests on ijin-uui-MacBookPro.local with PID 18702 (started by jw.lee in /Users/jw.lee/ljw-study/spring/eatgo/SpringApi/eatgo-customer-api)
2020-08-10 20:11:15.061  INFO 18702 --- [    Test worker] c.l.e.EatgoCustomerApiApplicationTests   : No active profile set, falling back to default profiles: default
2020-08-10 20:11:15.282  INFO 18702 --- [    Test worker] .s.d.r.c.RepositoryConfigurationDelegate : Bootstrapping Spring Data JPA repositories in DEFERRED mode.
2020-08-10 20:11:15.331  INFO 18702 --- [    Test worker] .s.d.r.c.RepositoryConfigurationDelegate : Finished Spring Data repository scanning in 43ms. Found 3 JPA repository interfaces.
2020-08-10 20:11:15.606  INFO 18702 --- [    Test worker] o.s.s.concurrent.ThreadPoolTaskExecutor  : Initializing ExecutorService 'applicationTaskExecutor'
2020-08-10 20:11:15.616  INFO 18702 --- [    Test worker] com.zaxxer.hikari.HikariDataSource       : HikariPool-1 - Starting...
2020-08-10 20:11:15.790  INFO 18702 --- [    Test worker] com.zaxxer.hikari.HikariDataSource       : HikariPool-1 - Start completed.
2020-08-10 20:11:15.853  INFO 18702 --- [         task-1] o.hibernate.jpa.internal.util.LogHelper  : HHH000204: Processing PersistenceUnitInfo [name: default]
2020-08-10 20:11:15.918  INFO 18702 --- [         task-1] org.hibernate.Version                    : HHH000412: Hibernate ORM core version 5.4.17.Final
2020-08-10 20:11:15.961  INFO 18702 --- [         task-1] o.hibernate.annotations.common.Version   : HCANN000001: Hibernate Commons Annotations {5.1.0.Final}
2020-08-10 20:11:16.070  WARN 18702 --- [    Test worker] JpaBaseConfiguration$JpaWebConfiguration : spring.jpa.open-in-view is enabled by default. Therefore, database queries may be performed during view rendering. Explicitly configure spring.jpa.open-in-view to disable this warning
2020-08-10 20:11:16.095  INFO 18702 --- [         task-1] org.hibernate.dialect.Dialect            : HHH000400: Using dialect: org.hibernate.dialect.H2Dialect
2020-08-10 20:11:16.377  INFO 18702 --- [    Test worker] DeferredRepositoryInitializationListener : Triggering deferred initialization of Spring Data repositories…
2020-08-10 20:11:16.567  INFO 18702 --- [         task-1] o.h.e.t.j.p.i.JtaPlatformInitiator       : HHH000490: Using JtaPlatform implementation: [org.hibernate.engine.transaction.jta.platform.internal.NoJtaPlatform]
2020-08-10 20:11:16.574  INFO 18702 --- [         task-1] j.LocalContainerEntityManagerFactoryBean : Initialized JPA EntityManagerFactory for persistence unit 'default'
2020-08-10 20:11:16.769  INFO 18702 --- [    Test worker] DeferredRepositoryInitializationListener : Spring Data repositories initialized!
2020-08-10 20:11:16.772  INFO 18702 --- [    Test worker] c.l.e.EatgoCustomerApiApplicationTests   : Started EatgoCustomerApiApplicationTests in 1.726 seconds (JVM running for 10.108)
]]></system-out>
  <system-err><![CDATA[]]></system-err>
</testsuite>
